1599678389735	geckodriver	INFO	Listening on 127.0.0.1:50739
1599678392785	mozrunner::runner	INFO	Running command: "C:\\Program Files\\Mozilla Firefox\\firefox.exe" "--marionette" "-foreground" "-no-remote" "-profile" "C:\\Users\\Asen\\AppData\\Local\\Temp\\rust_mozprofileJqhd5t"
JavaScript error: resource://gre/modules/XULStore.jsm, line 66: Error: Can't find profile directory.
console.error: SearchCache: "_readCacheFile: Error reading cache file:" (new Error("", "(unknown module)"))
1599678397396	Marionette	INFO	Listening on port 50749
1599678397702	Marionette	WARN	TLS certificate errors will be ignored for this session
JavaScript warning: https://cs.betradar.com/ls/widgets/assets/betradar/widgets/js/widgets.js?v=1855577091, line 12: unreachable code after return statement
JavaScript warning: https://cs.betradar.com/ls/widgets/assets/betradar/widgets/js/widgets.js?v=1855577091, line 12: unreachable code after return statement
JavaScript warning: https://cs.betradar.com/ls/widgets/assets/betradar/widgets/js/widgets.js?v=1855577091, line 12: unreachable code after return statement
1599678416931	Marionette	INFO	Stopped listening on port 50749

###!!! [Child][RunMessage] Error: Channel closing: too late to send/recv, messages will be lost


###!!! [Child][MessageChannel::SendAndWait] Error: Channel error: cannot send/recv

1599678970066	geckodriver	INFO	Listening on 127.0.0.1:51128
1599678973104	mozrunner::runner	INFO	Running command: "C:\\Program Files\\Mozilla Firefox\\firefox.exe" "--marionette" "-foreground" "-no-remote" "-profile" "C:\\Users\\Asen\\AppData\\Local\\Temp\\rust_mozprofileV8eShz"
JavaScript error: resource://gre/modules/XULStore.jsm, line 66: Error: Can't find profile directory.
console.error: SearchCache: "_readCacheFile: Error reading cache file:" (new Error("", "(unknown module)"))
console.error: Region.jsm: "Error fetching region" (new TypeError("NetworkError when attempting to fetch resource.", ""))
console.error: Region.jsm: "Failed to fetch region" (new Error("NO_RESULT", "resource://gre/modules/Region.jsm", 343))
1599678985822	geckodriver	INFO	Listening on 127.0.0.1:51160
1599678988908	mozrunner::runner	INFO	Running command: "C:\\Program Files\\Mozilla Firefox\\firefox.exe" "--marionette" "-foreground" "-no-remote" "-profile" "C:\\Users\\Asen\\AppData\\Local\\Temp\\rust_mozprofiler6yjHf"
JavaScript error: resource://gre/modules/XULStore.jsm, line 66: Error: Can't find profile directory.
console.error: SearchCache: "_readCacheFile: Error reading cache file:" (new Error("", "(unknown module)"))
1599678992366	Marionette	INFO	Listening on port 51170
1599678992528	Marionette	WARN	TLS certificate errors will be ignored for this session
JavaScript warning: https://cs.betradar.com/ls/widgets/assets/betradar/widgets/js/widgets.js?v=1855577091, line 12: unreachable code after return statement
JavaScript warning: https://cs.betradar.com/ls/widgets/assets/betradar/widgets/js/widgets.js?v=1855577091, line 12: unreachable code after return statement
JavaScript warning: https://cs.betradar.com/ls/widgets/assets/betradar/widgets/js/widgets.js?v=1855577091, line 12: unreachable code after return statement
1599678998365	Marionette	INFO	Stopped listening on port 51170
IPDL protocol error: Handler returned error code!

###!!! [Parent][DispatchAsyncMessage] Error: PLayerTransaction::Msg_ReleaseLayer Processing error: message was deserialized, but the handler returned false (indicating failure)

JavaScript error: resource://gre/modules/UrlClassifierListManager.jsm, line 691: TypeError: this.tablesData[table] is undefined

###!!! [Child][RunMessage] Error: Channel closing: too late to send/recv, messages will be lost


###!!! [Child][MessageChannel::SendAndWait] Error: Channel error: cannot send/recv

1599679062596	geckodriver	INFO	Listening on 127.0.0.1:51256
1599679065647	mozrunner::runner	INFO	Running command: "C:\\Program Files\\Mozilla Firefox\\firefox.exe" "--marionette" "-foreground" "-no-remote" "-profile" "C:\\Users\\Asen\\AppData\\Local\\Temp\\rust_mozprofileoFWqfX"
JavaScript error: resource://gre/modules/XULStore.jsm, line 66: Error: Can't find profile directory.
console.error: SearchCache: "_readCacheFile: Error reading cache file:" (new Error("", "(unknown module)"))
1599679068571	Marionette	INFO	Listening on port 51265
1599679068778	Marionette	WARN	TLS certificate errors will be ignored for this session
JavaScript warning: https://cs.betradar.com/ls/widgets/assets/betradar/widgets/js/widgets.js?v=1855577091, line 12: unreachable code after return statement
JavaScript warning: https://cs.betradar.com/ls/widgets/assets/betradar/widgets/js/widgets.js?v=1855577091, line 12: unreachable code after return statement
JavaScript warning: https://cs.betradar.com/ls/widgets/assets/betradar/widgets/js/widgets.js?v=1855577091, line 12: unreachable code after return statement
1599679074905	Marionette	INFO	Stopped listening on port 51265
JavaScript error: resource://gre/modules/UrlClassifierListManager.jsm, line 691: TypeError: this.tablesData[table] is undefined

###!!! [Child][RunMessage] Error: Channel closing: too late to send/recv, messages will be lost


###!!! [Child][MessageChannel::SendAndWait] Error: Channel error: cannot send/recv

1599679389975	geckodriver	INFO	Listening on 127.0.0.1:51462
1599679392999	mozrunner::runner	INFO	Running command: "C:\\Program Files\\Mozilla Firefox\\firefox.exe" "--marionette" "-foreground" "-no-remote" "-profile" "C:\\Users\\Asen\\AppData\\Local\\Temp\\rust_mozprofileF5BNy7"
JavaScript error: resource://gre/modules/XULStore.jsm, line 66: Error: Can't find profile directory.
console.error: SearchCache: "_readCacheFile: Error reading cache file:" (new Error("", "(unknown module)"))
1599679395949	Marionette	INFO	Listening on port 51471
1599679396121	Marionette	WARN	TLS certificate errors will be ignored for this session
JavaScript warning: https://cs.betradar.com/ls/widgets/assets/betradar/widgets/js/widgets.js?v=1855577091, line 12: unreachable code after return statement
JavaScript warning: https://cs.betradar.com/ls/widgets/assets/betradar/widgets/js/widgets.js?v=1855577091, line 12: unreachable code after return statement
JavaScript warning: https://cs.betradar.com/ls/widgets/assets/betradar/widgets/js/widgets.js?v=1855577091, line 12: unreachable code after return statement
IPDL protocol error: Handler returned error code!

###!!! [Parent][DispatchAsyncMessage] Error: PLayerTransaction::Msg_ReleaseLayer Processing error: message was deserialized, but the handler returned false (indicating failure)

1599679434461	Marionette	INFO	Stopped listening on port 51471

###!!! [Child][RunMessage] Error: Channel closing: too late to send/recv, messages will be lost


###!!! [Child][MessageChannel::SendAndWait] Error: Channel error: cannot send/recv

1599679503452	geckodriver	INFO	Listening on 127.0.0.1:51579
1599679506484	mozrunner::runner	INFO	Running command: "C:\\Program Files\\Mozilla Firefox\\firefox.exe" "--marionette" "-foreground" "-no-remote" "-profile" "C:\\Users\\Asen\\AppData\\Local\\Temp\\rust_mozprofileIDL0bY"
JavaScript error: resource://gre/modules/XULStore.jsm, line 66: Error: Can't find profile directory.
console.error: SearchCache: "_readCacheFile: Error reading cache file:" (new Error("", "(unknown module)"))
1599679509697	Marionette	INFO	Listening on port 51589
1599679510097	Marionette	WARN	TLS certificate errors will be ignored for this session
JavaScript warning: https://cs.betradar.com/ls/widgets/assets/betradar/widgets/js/widgets.js?v=1855577091, line 12: unreachable code after return statement
JavaScript warning: https://cs.betradar.com/ls/widgets/assets/betradar/widgets/js/widgets.js?v=1855577091, line 12: unreachable code after return statement
JavaScript warning: https://cs.betradar.com/ls/widgets/assets/betradar/widgets/js/widgets.js?v=1855577091, line 12: unreachable code after return statement
1599679516120	Marionette	INFO	Stopped listening on port 51589

###!!! [Child][RunMessage] Error: Channel closing: too late to send/recv, messages will be lost


###!!! [Child][MessageChannel::SendAndWait] Error: Channel error: cannot send/recv

